[17:28:34] [Server thread/INFO]: Starting minecraft server version 1.7.10
[17:28:55] [Server thread/INFO]: Loading properties
[17:28:55] [Server thread/INFO]: Default game type: SURVIVAL
[17:28:55] [Server thread/INFO]: Generating keypair
[17:28:55] [Server thread/INFO]: Starting Minecraft server on *:25565
[17:28:55] [Server thread/WARN]: **** SERVER IS RUNNING IN OFFLINE/INSECURE MODE!
[17:28:55] [Server thread/WARN]: The server will make no attempt to authenticate usernames. Beware.
[17:28:55] [Server thread/WARN]: While this makes the game possible to play without internet access, it also opens up the ability for hackers to connect with any username they choose.
[17:28:55] [Server thread/WARN]: To change this, set "online-mode" to "true" in the server.properties file.
[17:29:01] [Server thread/INFO]: Preparing level "world"
[17:29:02] [Server thread/WARN]: Unable to find spawn biome
[17:29:04] [Server thread/INFO]: Preparing start region for level 0
[17:29:06] [Server thread/INFO]: Preparing spawn area: 4%
[17:29:07] [Server thread/INFO]: Preparing spawn area: 6%
[17:29:08] [Server thread/INFO]: Preparing spawn area: 10%
[17:29:09] [Server thread/INFO]: Preparing spawn area: 14%
[17:29:10] [Server thread/INFO]: Preparing spawn area: 18%
[17:29:11] [Server thread/INFO]: Preparing spawn area: 22%
[17:29:12] [Server thread/INFO]: Preparing spawn area: 25%
[17:29:13] [Server thread/INFO]: Preparing spawn area: 28%
[17:29:14] [Server thread/INFO]: Preparing spawn area: 31%
[17:29:15] [Server thread/INFO]: Preparing spawn area: 33%
[17:29:16] [Server thread/INFO]: Preparing spawn area: 36%
[17:29:17] [Server thread/INFO]: Preparing spawn area: 37%
[17:29:18] [Server thread/INFO]: Preparing spawn area: 44%
[17:29:19] [Server thread/INFO]: Preparing spawn area: 50%
[17:29:20] [Server thread/INFO]: Preparing spawn area: 58%
[17:29:21] [Server thread/INFO]: Preparing spawn area: 63%
[17:29:22] [Server thread/INFO]: Preparing spawn area: 70%
[17:29:23] [Server thread/INFO]: Preparing spawn area: 75%
[17:29:24] [Server thread/INFO]: Preparing spawn area: 81%
[17:29:25] [Server thread/INFO]: Preparing spawn area: 91%
[17:29:26] [Server thread/INFO]: Preparing spawn area: 99%
[17:29:26] [Server thread/INFO]: Done (25,313s)! For help, type "help" or "?"
[17:29:32] [Server thread/WARN]: Can't keep up! Did the system time change, or is the server overloaded? Running 2442ms behind, skipping 48 tick(s)
[17:29:35] [Server thread/INFO]: GrIgar45[/127.0.0.1:49906] logged in with entity id 954 at (-29.5, 75.0, -180.5)
[17:29:35] [Server thread/INFO]: GrIgar45 joined the game
[17:33:09] [Server thread/INFO]: GrIgar45 lost connection: TextComponent{text='Disconnected', siblings=[], style=Style{hasParent=false, color=null, bold=null, italic=null, underlined=null, obfuscated=null, clickEvent=null, hoverEvent=null}}
[17:33:09] [Server thread/INFO]: GrIgar45 left the game
[17:33:13] [Server thread/INFO]: Stopping the server
[17:33:13] [Server thread/INFO]: Stopping server
[17:33:13] [Server thread/INFO]: Saving players
[17:33:13] [Server thread/INFO]: Saving worlds
[17:33:13] [Server thread/INFO]: Saving chunks for level 'world'/Overworld
[17:33:13] [Server thread/INFO]: Saving chunks for level 'world'/Nether
[17:33:13] [Server thread/INFO]: Saving chunks for level 'world'/The End
[17:33:13] [Server thread/INFO]: Saving chunks for level 'world'/CONTROL
